
The following have been reloaded with a version change:
  1) GCCcore/12.3.0 => GCCcore/11.2.0
  2) Python/3.11.3-GCCcore-12.3.0 => Python/3.9.6-GCCcore-11.2.0
  3) SQLite/3.42.0-GCCcore-12.3.0 => SQLite/3.36-GCCcore-11.2.0
  4) Tcl/8.6.13-GCCcore-12.3.0 => Tcl/8.6.11-GCCcore-11.2.0
  5) XZ/5.4.2-GCCcore-12.3.0 => XZ/5.2.5-GCCcore-11.2.0
  6) binutils/2.40-GCCcore-12.3.0 => binutils/2.37-GCCcore-11.2.0
  7) bzip2/1.0.8-GCCcore-12.3.0 => bzip2/1.0.8-GCCcore-11.2.0
  8) libffi/3.4.4-GCCcore-12.3.0 => libffi/3.4.2-GCCcore-11.2.0
  9) libreadline/8.2-GCCcore-12.3.0 => libreadline/8.1-GCCcore-11.2.0
 10) ncurses/6.4-GCCcore-12.3.0 => ncurses/6.2-GCCcore-11.2.0
 11) zlib/1.2.13-GCCcore-12.3.0 => zlib/1.2.11-GCCcore-11.2.0

Defaulting to user installation because normal site-packages is not writeable
Requirement already satisfied: torch==2.2.2 in /home/nizp/.local/lib/python3.9/site-packages (from -r requirements.txt (line 1)) (2.2.2)
ERROR: Could not find a version that satisfies the requirement torchvision==0.4.0 (from versions: 0.1.6, 0.1.7, 0.1.8, 0.1.9, 0.2.0, 0.2.1, 0.2.2, 0.2.2.post2, 0.2.2.post3, 0.8.2, 0.9.0, 0.9.1, 0.10.0, 0.10.1, 0.11.0, 0.11.1, 0.11.2, 0.11.3, 0.12.0, 0.13.0, 0.13.1, 0.14.0, 0.14.1, 0.15.0, 0.15.1, 0.15.2, 0.16.0, 0.16.1, 0.16.2, 0.17.0, 0.17.1, 0.17.2)
ERROR: No matching distribution found for torchvision==0.4.0
WARNING: You are using pip version 21.2.2; however, version 24.0 is available.
You should consider upgrading via the '/opt/itu/easybuild/software/Python/3.9.6-GCCcore-11.2.0/bin/python3.9 -m pip install --upgrade pip' command.
Running on desktop23:
Traceback (most recent call last):
  File "/home/nizp/BSc-Project/ResNet50/cnn_with_val.py", line 8, in <module>
    from CNN import test_resnet50
  File "/home/nizp/BSc-Project/ResNet50/CNN.py", line 3, in <module>
    import torchvision
ModuleNotFoundError: No module named 'torchvision'
All models took 0 minutes and 33 seconds to train.
